[INFO ] 2024-03-27 18:16:59.356 [main] StepDef - chrome browser launched succesfully
[INFO ] 2024-03-27 18:17:01.139 [main] StepDef - Navigated to url
[INFO ] 2024-03-27 18:17:01.869 [main] StepDef - entered password and username
[INFO ] 2024-03-27 18:17:04.789 [main] StepDef - click on login button
[WARN ] 2024-03-27 18:17:06.876 [main] StepDef - page title matched
[WARN ] 2024-03-27 18:17:06.876 [main] StepDef - page title not matched
[INFO ] 2024-03-27 18:17:07.167 [main] StepDef - clicked on customers menu
[INFO ] 2024-03-27 18:17:08.321 [main] StepDef - clicked on customers menu item
[INFO ] 2024-03-27 18:17:10.014 [main] StepDef - clicked on Add new
[ERROR] 2024-03-27 18:17:10.082 [main] StepDef - titles matched
[INFO ] 2024-03-27 18:17:12.543 [main] StepDef - customer details are added
[INFO ] 2024-03-27 18:17:13.765 [main] StepDef - click on save button
[WARN ] 2024-03-27 18:17:16.356 [main] StepDef - page title not matched
[INFO ] 2024-03-27 18:17:18.613 [main] StepDef - chrome browser launched succesfully
[INFO ] 2024-03-27 18:17:20.276 [main] StepDef - Navigated to url
[INFO ] 2024-03-27 18:17:21.034 [main] StepDef - entered password and username
[INFO ] 2024-03-27 18:17:24.578 [main] StepDef - click on login button
[WARN ] 2024-03-27 18:17:24.595 [main] StepDef - page title matched
[WARN ] 2024-03-27 18:17:24.595 [main] StepDef - page title not matched
[INFO ] 2024-03-27 18:17:28.450 [main] StepDef - clicked on logout button
[INFO ] 2024-03-27 18:17:30.799 [main] StepDef - chrome browser launched succesfully
[INFO ] 2024-03-27 18:17:31.676 [main] StepDef - Navigated to url
[INFO ] 2024-03-27 18:17:32.329 [main] StepDef - entered password and username
[INFO ] 2024-03-27 18:17:35.511 [main] StepDef - click on login button
[WARN ] 2024-03-27 18:17:37.191 [main] StepDef - page title matched
[WARN ] 2024-03-27 18:17:37.191 [main] StepDef - page title not matched
[INFO ] 2024-03-27 18:17:39.154 [main] StepDef - clicked on logout button
[WARN ] 2024-03-27 18:17:39.234 [main] StepDef - page title matched
[WARN ] 2024-03-27 18:17:39.234 [main] StepDef - page title not matched
[INFO ] 2024-03-27 18:22:08.592 [main] StepDef - chrome browser launched succesfully
[INFO ] 2024-03-27 18:22:11.825 [main] StepDef - Navigated to url
[INFO ] 2024-03-27 18:22:12.461 [main] StepDef - entered password and username
[INFO ] 2024-03-27 18:22:14.626 [main] StepDef - click on login button
[WARN ] 2024-03-27 18:22:16.343 [main] StepDef - page title matched
[WARN ] 2024-03-27 18:22:16.343 [main] StepDef - page title not matched
[INFO ] 2024-03-27 18:22:16.493 [main] StepDef - clicked on customers menu
[INFO ] 2024-03-27 18:22:17.614 [main] StepDef - clicked on customers menu item
[INFO ] 2024-03-27 18:22:19.230 [main] StepDef - clicked on Add new
[ERROR] 2024-03-27 18:22:19.317 [main] StepDef - titles matched
[INFO ] 2024-03-27 18:22:21.833 [main] StepDef - customer details are added
[INFO ] 2024-03-27 18:22:22.810 [main] StepDef - click on save button
[WARN ] 2024-03-27 18:22:25.230 [main] StepDef - page title not matched
[INFO ] 2024-03-27 18:22:27.004 [main] StepDef - chrome browser launched succesfully
[INFO ] 2024-03-27 18:22:28.712 [main] StepDef - Navigated to url
[INFO ] 2024-03-27 18:22:29.373 [main] StepDef - entered password and username
[INFO ] 2024-03-27 18:22:33.072 [main] StepDef - click on login button
[WARN ] 2024-03-27 18:22:35.083 [main] StepDef - page title matched
[WARN ] 2024-03-27 18:22:35.084 [main] StepDef - page title not matched
[INFO ] 2024-03-27 18:22:37.022 [main] StepDef - clicked on logout button
[WARN ] 2024-03-27 18:22:37.084 [main] StepDef - page title matched
[WARN ] 2024-03-27 18:22:37.085 [main] StepDef - page title not matched
[INFO ] 2024-03-27 18:22:38.680 [main] StepDef - chrome browser launched succesfully
[INFO ] 2024-03-27 18:22:39.597 [main] StepDef - Navigated to url
[INFO ] 2024-03-27 18:22:40.236 [main] StepDef - entered password and username
[INFO ] 2024-03-27 18:22:42.502 [main] StepDef - click on login button
[WARN ] 2024-03-27 18:22:44.266 [main] StepDef - page title matched
[WARN ] 2024-03-27 18:22:44.267 [main] StepDef - page title not matched
[INFO ] 2024-03-27 18:22:46.943 [main] StepDef - clicked on logout button
[WARN ] 2024-03-27 18:22:47.014 [main] StepDef - page title matched
[WARN ] 2024-03-27 18:22:47.015 [main] StepDef - page title not matched
[INFO ] 2024-03-27 18:28:44.951 [main] StepDef - chrome browser launched succesfully
[INFO ] 2024-03-27 18:28:46.516 [main] StepDef - Navigated to url
[INFO ] 2024-03-27 18:28:47.167 [main] StepDef - entered password and username
[INFO ] 2024-03-27 18:28:49.034 [main] StepDef - click on login button
[WARN ] 2024-03-27 18:28:49.084 [main] StepDef - page title matched
[WARN ] 2024-03-27 18:28:49.085 [main] StepDef - page title not matched
[INFO ] 2024-03-27 18:28:50.959 [main] StepDef - clicked on customers menu
[INFO ] 2024-03-27 18:28:52.135 [main] StepDef - clicked on customers menu item
[INFO ] 2024-03-27 18:28:53.742 [main] StepDef - clicked on Add new
[ERROR] 2024-03-27 18:28:53.786 [main] StepDef - titles matched
[INFO ] 2024-03-27 18:28:56.045 [main] StepDef - customer details are added
[INFO ] 2024-03-27 18:28:57.206 [main] StepDef - click on save button
[WARN ] 2024-03-27 18:28:59.622 [main] StepDef - page title not matched
[INFO ] 2024-03-27 18:29:01.647 [main] StepDef - chrome browser launched succesfully
[INFO ] 2024-03-27 18:29:03.186 [main] StepDef - Navigated to url
[INFO ] 2024-03-27 18:29:03.830 [main] StepDef - entered password and username
[INFO ] 2024-03-27 18:29:06.506 [main] StepDef - click on login button
[WARN ] 2024-03-27 18:29:08.382 [main] StepDef - page title matched
[WARN ] 2024-03-27 18:29:08.382 [main] StepDef - page title not matched
[INFO ] 2024-03-27 18:29:10.731 [main] StepDef - clicked on logout button
[WARN ] 2024-03-27 18:29:10.822 [main] StepDef - page title matched
[WARN ] 2024-03-27 18:29:10.823 [main] StepDef - page title not matched
[INFO ] 2024-03-27 18:29:12.508 [main] StepDef - chrome browser launched succesfully
[INFO ] 2024-03-27 18:29:14.127 [main] StepDef - Navigated to url
[INFO ] 2024-03-27 18:29:14.787 [main] StepDef - entered password and username
[INFO ] 2024-03-27 18:29:16.928 [main] StepDef - click on login button
[WARN ] 2024-03-27 18:29:18.672 [main] StepDef - page title matched
[WARN ] 2024-03-27 18:29:18.672 [main] StepDef - page title not matched
[INFO ] 2024-03-27 18:29:20.610 [main] StepDef - clicked on logout button
[INFO ] 2024-03-27 18:51:47.170 [main] StepDef - chrome browser launched succesfully
[INFO ] 2024-03-27 18:51:48.821 [main] StepDef - Navigated to url
[INFO ] 2024-03-27 18:51:49.490 [main] StepDef - entered password and username
[INFO ] 2024-03-27 18:51:51.526 [main] StepDef - click on login button
[WARN ] 2024-03-27 18:51:53.364 [main] StepDef - page title matched
[WARN ] 2024-03-27 18:51:53.364 [main] StepDef - page title not matched
[INFO ] 2024-03-27 18:51:53.517 [main] StepDef - clicked on customers menu
[INFO ] 2024-03-27 18:51:54.650 [main] StepDef - clicked on customers menu item
[INFO ] 2024-03-27 18:51:56.203 [main] StepDef - clicked on Add new
[ERROR] 2024-03-27 18:51:56.219 [main] StepDef - titles matched
[INFO ] 2024-03-27 18:51:58.531 [main] StepDef - customer details are added
[INFO ] 2024-03-27 18:51:59.693 [main] StepDef - click on save button
[WARN ] 2024-03-27 18:52:02.175 [main] StepDef - page title not matched
[INFO ] 2024-03-27 18:52:04.050 [main] StepDef - chrome browser launched succesfully
[INFO ] 2024-03-27 18:52:05.814 [main] StepDef - Navigated to url
[INFO ] 2024-03-27 18:52:06.535 [main] StepDef - entered password and username
[INFO ] 2024-03-27 18:52:10.176 [main] StepDef - click on login button
[WARN ] 2024-03-27 18:52:11.936 [main] StepDef - page title matched
[WARN ] 2024-03-27 18:52:11.936 [main] StepDef - page title not matched
[INFO ] 2024-03-27 18:52:15.062 [main] StepDef - chrome browser launched succesfully
[INFO ] 2024-03-27 18:52:16.669 [main] StepDef - Navigated to url
[INFO ] 2024-03-27 18:52:17.345 [main] StepDef - entered password and username
[INFO ] 2024-03-27 18:52:20.116 [main] StepDef - click on login button
[WARN ] 2024-03-27 18:52:22.081 [main] StepDef - page title matched
[WARN ] 2024-03-27 18:52:22.081 [main] StepDef - page title not matched
[INFO ] 2024-03-27 18:52:24.302 [main] StepDef - clicked on logout button
[INFO ] 2024-03-28 13:01:55.944 [main] StepDef - chrome browser launched succesfully
[INFO ] 2024-03-28 13:01:57.037 [main] StepDef - Navigated to url
[INFO ] 2024-03-28 13:01:57.826 [main] StepDef - entered password and username
[INFO ] 2024-03-28 13:01:59.722 [main] StepDef - click on login button
[WARN ] 2024-03-28 13:02:01.506 [main] StepDef - page title matched
[WARN ] 2024-03-28 13:02:01.506 [main] StepDef - page title not matched
[INFO ] 2024-03-28 13:02:01.654 [main] StepDef - clicked on customers menu
[INFO ] 2024-03-28 13:02:02.683 [main] StepDef - clicked on customers menu item
[INFO ] 2024-03-28 13:02:04.239 [main] StepDef - clicked on Add new
[ERROR] 2024-03-28 13:02:04.272 [main] StepDef - titles matched
[INFO ] 2024-03-28 13:02:06.532 [main] StepDef - customer details are added
[INFO ] 2024-03-28 13:02:07.604 [main] StepDef - click on save button
[WARN ] 2024-03-28 13:02:10.041 [main] StepDef - page title not matched
[INFO ] 2024-03-28 13:02:12.457 [main] StepDef - chrome browser launched succesfully
[INFO ] 2024-03-28 13:02:13.869 [main] StepDef - Navigated to url
[INFO ] 2024-03-28 13:02:14.511 [main] StepDef - entered password and username
[INFO ] 2024-03-28 13:02:16.198 [main] StepDef - click on login button
[WARN ] 2024-03-28 13:02:17.832 [main] StepDef - page title matched
[WARN ] 2024-03-28 13:02:17.833 [main] StepDef - page title not matched
[INFO ] 2024-03-28 13:02:19.417 [main] StepDef - clicked on logout button
[WARN ] 2024-03-28 13:02:19.454 [main] StepDef - page title matched
[WARN ] 2024-03-28 13:02:19.454 [main] StepDef - page title not matched
[INFO ] 2024-03-28 13:02:21.314 [main] StepDef - chrome browser launched succesfully
[INFO ] 2024-03-28 13:02:22.691 [main] StepDef - Navigated to url
[INFO ] 2024-03-28 13:02:23.343 [main] StepDef - entered password and username
[INFO ] 2024-03-28 13:02:25.995 [main] StepDef - click on login button
[WARN ] 2024-03-28 13:02:27.847 [main] StepDef - page title matched
[WARN ] 2024-03-28 13:02:27.848 [main] StepDef - page title not matched
[INFO ] 2024-03-28 13:02:29.692 [main] StepDef - clicked on logout button
[INFO ] 2024-03-28 13:06:42.268 [main] StepDef - chrome browser launched succesfully
[INFO ] 2024-03-28 13:06:43.919 [main] StepDef - Navigated to url
[INFO ] 2024-03-28 13:06:44.530 [main] StepDef - entered password and username
[INFO ] 2024-03-28 13:06:47.052 [main] StepDef - click on login button
[WARN ] 2024-03-28 13:06:48.575 [main] StepDef - page title matched
[WARN ] 2024-03-28 13:06:48.575 [main] StepDef - page title not matched
[INFO ] 2024-03-28 13:06:48.766 [main] StepDef - clicked on customers menu
[INFO ] 2024-03-28 13:06:49.897 [main] StepDef - clicked on customers menu item
[INFO ] 2024-03-28 13:06:51.276 [main] StepDef - clicked on Add new
[ERROR] 2024-03-28 13:06:51.335 [main] StepDef - titles matched
[INFO ] 2024-03-28 13:06:53.475 [main] StepDef - customer details are added
[INFO ] 2024-03-28 13:06:54.425 [main] StepDef - click on save button
[WARN ] 2024-03-28 13:06:56.880 [main] StepDef - page title not matched
[INFO ] 2024-03-28 13:06:58.597 [main] StepDef - chrome browser launched succesfully
[INFO ] 2024-03-28 13:07:00.207 [main] StepDef - Navigated to url
[INFO ] 2024-03-28 13:07:00.805 [main] StepDef - entered password and username
[INFO ] 2024-03-28 13:07:02.906 [main] StepDef - click on login button
[WARN ] 2024-03-28 13:07:04.352 [main] StepDef - page title matched
[WARN ] 2024-03-28 13:07:04.352 [main] StepDef - page title not matched
[INFO ] 2024-03-28 13:07:06.200 [main] StepDef - clicked on logout button
[WARN ] 2024-03-28 13:07:06.280 [main] StepDef - page title matched
[WARN ] 2024-03-28 13:07:06.280 [main] StepDef - page title not matched
[INFO ] 2024-03-28 13:07:07.979 [main] StepDef - chrome browser launched succesfully
[INFO ] 2024-03-28 13:07:09.169 [main] StepDef - Navigated to url
[INFO ] 2024-03-28 13:07:09.783 [main] StepDef - entered password and username
[INFO ] 2024-03-28 13:07:11.571 [main] StepDef - click on login button
[WARN ] 2024-03-28 13:07:13.381 [main] StepDef - page title matched
[WARN ] 2024-03-28 13:07:13.381 [main] StepDef - page title not matched
[INFO ] 2024-03-28 13:07:14.783 [main] StepDef - clicked on logout button
[WARN ] 2024-03-28 13:07:14.859 [main] StepDef - page title matched
[WARN ] 2024-03-28 13:07:14.859 [main] StepDef - page title not matched
[INFO ] 2024-03-28 13:16:58.925 [main] StepDef - chrome browser launched succesfully
[INFO ] 2024-03-28 13:17:00.618 [main] StepDef - Navigated to url
[INFO ] 2024-03-28 13:17:01.303 [main] StepDef - entered password and username
[INFO ] 2024-03-28 13:17:03.943 [main] StepDef - click on login button
[WARN ] 2024-03-28 13:17:05.894 [main] StepDef - page title matched
[WARN ] 2024-03-28 13:17:05.894 [main] StepDef - page title not matched
[INFO ] 2024-03-28 13:17:06.069 [main] StepDef - clicked on customers menu
[INFO ] 2024-03-28 13:17:07.439 [main] StepDef - clicked on customers menu item
[INFO ] 2024-03-28 13:17:08.961 [main] StepDef - clicked on Add new
[ERROR] 2024-03-28 13:17:09.060 [main] StepDef - titles matched
[INFO ] 2024-03-28 13:17:11.311 [main] StepDef - customer details are added
[INFO ] 2024-03-28 13:17:12.362 [main] StepDef - click on save button
[WARN ] 2024-03-28 13:17:14.766 [main] StepDef - page title not matched
[INFO ] 2024-03-28 13:17:16.755 [main] StepDef - chrome browser launched succesfully
[INFO ] 2024-03-28 13:17:18.202 [main] StepDef - Navigated to url
[INFO ] 2024-03-28 13:17:18.810 [main] StepDef - entered password and username
[INFO ] 2024-03-28 13:17:20.583 [main] StepDef - click on login button
[WARN ] 2024-03-28 13:17:22.397 [main] StepDef - page title matched
[WARN ] 2024-03-28 13:17:22.399 [main] StepDef - page title not matched
[INFO ] 2024-03-28 13:17:23.814 [main] StepDef - clicked on logout button
[WARN ] 2024-03-28 13:17:23.880 [main] StepDef - page title matched
[WARN ] 2024-03-28 13:17:23.880 [main] StepDef - page title not matched
[INFO ] 2024-03-28 13:17:25.718 [main] StepDef - chrome browser launched succesfully
[INFO ] 2024-03-28 13:17:27.117 [main] StepDef - Navigated to url
[INFO ] 2024-03-28 13:17:27.675 [main] StepDef - entered password and username
[INFO ] 2024-03-28 13:17:30.390 [main] StepDef - click on login button
[WARN ] 2024-03-28 13:17:32.213 [main] StepDef - page title matched
[WARN ] 2024-03-28 13:17:32.213 [main] StepDef - page title not matched
[INFO ] 2024-03-28 13:17:34.180 [main] StepDef - clicked on logout button
[WARN ] 2024-03-28 13:17:34.248 [main] StepDef - page title matched
[WARN ] 2024-03-28 13:17:34.249 [main] StepDef - page title not matched
[INFO ] 2024-03-28 13:24:12.442 [main] StepDef - chrome browser launched succesfully
[INFO ] 2024-03-28 13:24:14.116 [main] StepDef - Navigated to url
[INFO ] 2024-03-28 13:24:14.794 [main] StepDef - entered password and username
[INFO ] 2024-03-28 13:24:16.830 [main] StepDef - click on login button
[WARN ] 2024-03-28 13:24:18.658 [main] StepDef - page title matched
[WARN ] 2024-03-28 13:24:18.658 [main] StepDef - page title not matched
[INFO ] 2024-03-28 13:24:18.842 [main] StepDef - clicked on customers menu
[INFO ] 2024-03-28 13:24:19.717 [main] StepDef - clicked on customers menu item
[INFO ] 2024-03-28 13:24:21.185 [main] StepDef - clicked on Add new
[ERROR] 2024-03-28 13:24:21.238 [main] StepDef - titles matched
[INFO ] 2024-03-28 13:24:24.139 [main] StepDef - chrome browser launched succesfully
[INFO ] 2024-03-28 13:24:25.620 [main] StepDef - Navigated to url
[INFO ] 2024-03-28 13:24:26.230 [main] StepDef - entered password and username
[INFO ] 2024-03-28 13:24:28.678 [main] StepDef - click on login button
[WARN ] 2024-03-28 13:24:29.597 [main] StepDef - page title matched
[WARN ] 2024-03-28 13:24:29.597 [main] StepDef - page title not matched
[INFO ] 2024-03-28 13:24:31.275 [main] StepDef - clicked on logout button
[WARN ] 2024-03-28 13:24:31.366 [main] StepDef - page title matched
[WARN ] 2024-03-28 13:24:31.366 [main] StepDef - page title not matched
[INFO ] 2024-03-28 13:24:33.259 [main] StepDef - chrome browser launched succesfully
[INFO ] 2024-03-28 13:24:34.733 [main] StepDef - Navigated to url
[INFO ] 2024-03-28 13:24:35.455 [main] StepDef - entered password and username
[INFO ] 2024-03-28 13:24:37.760 [main] StepDef - click on login button
[WARN ] 2024-03-28 13:24:38.970 [main] StepDef - page title matched
[WARN ] 2024-03-28 13:24:38.970 [main] StepDef - page title not matched
[INFO ] 2024-03-28 13:24:40.672 [main] StepDef - clicked on logout button
[WARN ] 2024-03-28 13:24:40.774 [main] StepDef - page title matched
[WARN ] 2024-03-28 13:24:40.774 [main] StepDef - page title not matched
[INFO ] 2024-03-28 13:25:17.229 [main] StepDef - chrome browser launched succesfully
[INFO ] 2024-03-28 13:25:18.866 [main] StepDef - Navigated to url
[INFO ] 2024-03-28 13:25:19.412 [main] StepDef - entered password and username
[INFO ] 2024-03-28 13:25:22.807 [main] StepDef - click on login button
[WARN ] 2024-03-28 13:25:24.721 [main] StepDef - page title matched
[WARN ] 2024-03-28 13:25:24.722 [main] StepDef - page title not matched
[INFO ] 2024-03-28 13:25:24.895 [main] StepDef - clicked on customers menu
[INFO ] 2024-03-28 13:25:25.905 [main] StepDef - clicked on customers menu item
[INFO ] 2024-03-28 13:25:27.283 [main] StepDef - clicked on Add new
[ERROR] 2024-03-28 13:25:27.342 [main] StepDef - titles matched
[INFO ] 2024-03-28 13:25:29.856 [main] StepDef - chrome browser launched succesfully
[INFO ] 2024-03-28 13:25:31.317 [main] StepDef - Navigated to url
[INFO ] 2024-03-28 13:25:31.920 [main] StepDef - entered password and username
[INFO ] 2024-03-28 13:25:33.653 [main] StepDef - click on login button
[WARN ] 2024-03-28 13:25:35.407 [main] StepDef - page title matched
[WARN ] 2024-03-28 13:25:35.408 [main] StepDef - page title not matched
[INFO ] 2024-03-28 13:25:36.836 [main] StepDef - clicked on logout button
[WARN ] 2024-03-28 13:25:36.907 [main] StepDef - page title matched
[WARN ] 2024-03-28 13:25:36.907 [main] StepDef - page title not matched
[INFO ] 2024-03-28 13:25:38.687 [main] StepDef - chrome browser launched succesfully
[INFO ] 2024-03-28 13:25:40.092 [main] StepDef - Navigated to url
[INFO ] 2024-03-28 13:25:40.762 [main] StepDef - entered password and username
[INFO ] 2024-03-28 13:25:42.838 [main] StepDef - click on login button
[WARN ] 2024-03-28 13:25:43.948 [main] StepDef - page title matched
[WARN ] 2024-03-28 13:25:43.948 [main] StepDef - page title not matched
[INFO ] 2024-03-28 13:25:45.558 [main] StepDef - clicked on logout button
[WARN ] 2024-03-28 13:25:45.634 [main] StepDef - page title matched
[WARN ] 2024-03-28 13:25:45.634 [main] StepDef - page title not matched
[INFO ] 2024-03-29 18:43:53.189 [main] StepDef - chrome browser launched succesfully
[INFO ] 2024-03-29 18:43:54.791 [main] StepDef - Navigated to url
[INFO ] 2024-03-29 18:43:55.503 [main] StepDef - entered password and username
[INFO ] 2024-03-29 18:43:58.356 [main] StepDef - click on login button
[WARN ] 2024-03-29 18:44:00.367 [main] StepDef - page title matched
[WARN ] 2024-03-29 18:44:00.368 [main] StepDef - page title not matched
[INFO ] 2024-03-29 18:44:00.587 [main] StepDef - clicked on customers menu
[INFO ] 2024-03-29 18:44:02.032 [main] StepDef - clicked on customers menu item
[INFO ] 2024-03-29 18:44:03.493 [main] StepDef - clicked on Add new
[ERROR] 2024-03-29 18:44:03.521 [main] StepDef - titles matched
[INFO ] 2024-03-29 18:44:05.984 [main] StepDef - customer details are added
[INFO ] 2024-03-29 18:44:06.983 [main] StepDef - click on save button
[WARN ] 2024-03-29 18:44:09.473 [main] StepDef - page title not matched
[INFO ] 2024-03-29 18:44:11.269 [main] StepDef - chrome browser launched succesfully
[INFO ] 2024-03-29 18:44:12.869 [main] StepDef - Navigated to url
[INFO ] 2024-03-29 18:44:13.483 [main] StepDef - entered password and username
[INFO ] 2024-03-29 18:44:16.073 [main] StepDef - click on login button
[WARN ] 2024-03-29 18:44:17.921 [main] StepDef - page title matched
[WARN ] 2024-03-29 18:44:17.921 [main] StepDef - page title not matched
[INFO ] 2024-03-29 18:44:20.308 [main] StepDef - clicked on logout button
[WARN ] 2024-03-29 18:44:20.403 [main] StepDef - page title matched
[WARN ] 2024-03-29 18:44:20.403 [main] StepDef - page title not matched
[INFO ] 2024-03-29 18:44:22.071 [main] StepDef - chrome browser launched succesfully
[INFO ] 2024-03-29 18:44:23.626 [main] StepDef - Navigated to url
[INFO ] 2024-03-29 18:44:24.282 [main] StepDef - entered password and username
[INFO ] 2024-03-29 18:44:27.298 [main] StepDef - click on login button
[WARN ] 2024-03-29 18:44:29.244 [main] StepDef - page title matched
[WARN ] 2024-03-29 18:44:29.246 [main] StepDef - page title not matched
[INFO ] 2024-03-29 18:44:31.365 [main] StepDef - clicked on logout button
[WARN ] 2024-03-29 18:44:31.408 [main] StepDef - page title matched
[WARN ] 2024-03-29 18:44:31.408 [main] StepDef - page title not matched
[INFO ] 2024-03-30 10:39:21.127 [main] StepDef - chrome browser launched succesfully
[INFO ] 2024-03-30 10:39:22.702 [main] StepDef - Navigated to url
[INFO ] 2024-03-30 10:39:23.412 [main] StepDef - entered password and username
[INFO ] 2024-03-30 10:39:26.423 [main] StepDef - click on login button
[WARN ] 2024-03-30 10:39:28.251 [main] StepDef - page title matched
[WARN ] 2024-03-30 10:39:28.251 [main] StepDef - page title not matched
[INFO ] 2024-03-30 10:39:28.469 [main] StepDef - clicked on customers menu
[INFO ] 2024-03-30 10:39:29.584 [main] StepDef - clicked on customers menu item
[INFO ] 2024-03-30 10:39:31.209 [main] StepDef - clicked on Add new
[ERROR] 2024-03-30 10:39:31.236 [main] StepDef - titles matched
[INFO ] 2024-03-30 10:39:33.629 [main] StepDef - customer details are added
[INFO ] 2024-03-30 10:39:34.806 [main] StepDef - click on save button
[WARN ] 2024-03-30 10:39:37.272 [main] StepDef - page title not matched
[INFO ] 2024-03-30 10:39:39.352 [main] StepDef - chrome browser launched succesfully
[INFO ] 2024-03-30 10:39:40.923 [main] StepDef - Navigated to url
[INFO ] 2024-03-30 10:39:41.579 [main] StepDef - entered password and username
[INFO ] 2024-03-30 10:39:43.519 [main] StepDef - click on login button
[WARN ] 2024-03-30 10:39:43.585 [main] StepDef - page title matched
[WARN ] 2024-03-30 10:39:43.585 [main] StepDef - page title not matched
[INFO ] 2024-03-30 10:39:47.498 [main] StepDef - clicked on logout button
[WARN ] 2024-03-30 10:39:47.561 [main] StepDef - page title matched
[WARN ] 2024-03-30 10:39:47.561 [main] StepDef - page title not matched
[INFO ] 2024-03-30 10:39:49.472 [main] StepDef - chrome browser launched succesfully
[INFO ] 2024-03-30 10:39:50.917 [main] StepDef - Navigated to url
[INFO ] 2024-03-30 10:39:51.558 [main] StepDef - entered password and username
[INFO ] 2024-03-30 10:39:54.962 [main] StepDef - click on login button
[WARN ] 2024-03-30 10:39:56.827 [main] StepDef - page title matched
[WARN ] 2024-03-30 10:39:56.828 [main] StepDef - page title not matched
[INFO ] 2024-03-30 10:39:58.532 [main] StepDef - clicked on logout button
[WARN ] 2024-03-30 10:39:58.604 [main] StepDef - page title matched
[WARN ] 2024-03-30 10:39:58.605 [main] StepDef - page title not matched
[INFO ] 2024-03-30 12:14:17.033 [main] StepDef - chrome browser launched succesfully
[INFO ] 2024-03-30 12:14:18.690 [main] StepDef - Navigated to url
[INFO ] 2024-03-30 12:14:19.348 [main] StepDef - entered password and username
[INFO ] 2024-03-30 12:14:22.101 [main] StepDef - click on login button
[WARN ] 2024-03-30 12:14:23.771 [main] StepDef - page title matched
[WARN ] 2024-03-30 12:14:23.771 [main] StepDef - page title not matched
[INFO ] 2024-03-30 12:14:23.942 [main] StepDef - clicked on customers menu
[INFO ] 2024-03-30 12:14:25.038 [main] StepDef - clicked on customers menu item
[INFO ] 2024-03-30 12:14:26.698 [main] StepDef - clicked on Add new
[ERROR] 2024-03-30 12:14:26.746 [main] StepDef - titles matched
[INFO ] 2024-03-30 12:14:29.220 [main] StepDef - customer details are added
[INFO ] 2024-03-30 12:14:30.358 [main] StepDef - click on save button
[WARN ] 2024-03-30 12:14:32.896 [main] StepDef - page title not matched
[INFO ] 2024-03-30 12:14:34.888 [main] StepDef - chrome browser launched succesfully
[INFO ] 2024-03-30 12:14:36.351 [main] StepDef - Navigated to url
[INFO ] 2024-03-30 12:14:37.048 [main] StepDef - entered password and username
[INFO ] 2024-03-30 12:14:38.627 [main] StepDef - click on login button
[WARN ] 2024-03-30 12:14:40.260 [main] StepDef - page title matched
[WARN ] 2024-03-30 12:14:40.260 [main] StepDef - page title not matched
[INFO ] 2024-03-30 12:14:42.653 [main] StepDef - clicked on logout button
[WARN ] 2024-03-30 12:14:42.749 [main] StepDef - page title matched
[WARN ] 2024-03-30 12:14:42.749 [main] StepDef - page title not matched
[INFO ] 2024-03-30 12:14:44.422 [main] StepDef - chrome browser launched succesfully
[INFO ] 2024-03-30 12:14:46.012 [main] StepDef - Navigated to url
[INFO ] 2024-03-30 12:14:46.667 [main] StepDef - entered password and username
[INFO ] 2024-03-30 12:14:48.638 [main] StepDef - click on login button
[WARN ] 2024-03-30 12:14:50.559 [main] StepDef - page title matched
[WARN ] 2024-03-30 12:14:50.560 [main] StepDef - page title not matched
[INFO ] 2024-03-30 12:14:52.380 [main] StepDef - clicked on logout button
[WARN ] 2024-03-30 12:14:52.449 [main] StepDef - page title matched
[WARN ] 2024-03-30 12:14:52.449 [main] StepDef - page title not matched
